<?xml version="1.0" encoding="UTF-8"?>
<testng-results ignored="0" total="1" passed="1" failed="0" skipped="0">
  <reporter-output>
  </reporter-output>
  <suite started-at="2023-12-18T11:54:32 IST" name="Default suite" finished-at="2023-12-18T11:54:45 IST" duration-ms="13042">
    <groups>
    </groups>
    <test started-at="2023-12-18T11:54:32 IST" name="Default test" finished-at="2023-12-18T11:54:45 IST" duration-ms="13042">
      <class name="javaAutomationTests.DropdownSelection">
        <test-method is-config="true" signature="initialization()[pri:0, instance:javaAutomationTests.DropdownSelection@31fa1761]" started-at="2023-12-18T11:54:32 IST" name="initialization" finished-at="2023-12-18T11:54:45 IST" duration-ms="12664" status="PASS">
          <reporter-output>
          </reporter-output>
        </test-method> <!-- initialization -->
        <test-method signature="actions()[pri:0, instance:javaAutomationTests.DropdownSelection@31fa1761]" started-at="2023-12-18T11:54:45 IST" name="actions" finished-at="2023-12-18T11:54:45 IST" duration-ms="346" status="PASS">
          <reporter-output>
          </reporter-output>
        </test-method> <!-- actions -->
      </class> <!-- javaAutomationTests.DropdownSelection -->
    </test> <!-- Default test -->
  </suite> <!-- Default suite -->
</testng-results>
